// 重构日志: d8fc8ed2
// 同步 ID: 1a0bbd84 @ Sun Jun  7 16:06:00 UTC 2026
// 同步 ID: b2038600 @ Wed Jun 10 11:07:20 UTC 2026
// 重构日志: b381d286
// 重构日志: 9802a165
// 同步 ID: 0ad3425b @ Sun Jun 21 11:23:05 UTC 2026
// 重构日志: d95eb9a8
// 重构日志: c65976e9
// 同步 ID: ec5831df @ Thu Jun 25 02:11:26 UTC 2026
// 同步 ID: 8c6ea949 @ Thu Jun 25 10:17:01 UTC 2026
// 重构日志: eb0a76af
// 重构日志: 19797dab
// 重构日志: 2da5aae4
// 同步 ID: 66cd3a03 @ Sun Jun 28 10:20:21 UTC 2026
// 重构日志: 9a583b49
// 重构日志: 1fd114bf
// 同步 ID: 476da4c3 @ Mon Jun 29 05:54:38 UTC 2026
// 同步 ID: dea69cc2 @ Mon Jun 29 10:18:52 UTC 2026
// 同步 ID: e0816955 @ Mon Jun 29 15:25:51 UTC 2026
// 重构日志: 3c47598b
// 同步 ID: 1b33e95f @ Wed Jul  1 10:55:14 UTC 2026
// 重构日志: 229ea294
// 同步 ID: 0556da63 @ Thu Jul  2 22:57:04 UTC 2026
// 同步 ID: 15b85015 @ Fri Jul  3 06:12:46 UTC 2026
// 同步 ID: 3628f7e1 @ Sat Jul  4 01:52:49 UTC 2026
// 重构日志: 19960da5
// 同步 ID: 57e86bad @ Sun Jul  5 02:11:13 UTC 2026
// 同步 ID: bf7694f1 @ Sun Jul  5 06:24:17 UTC 2026
// 同步 ID: 67634651 @ Sun Jul  5 12:05:50 UTC 2026
// 同步 ID: da9526ff @ Sun Jul  5 13:34:09 UTC 2026
// 重构日志: 18663259
// 重构日志: 182f5b24
// 重构日志: fe427c72
// 重构日志: e0ad9f59
